Wed Dec 21 2022 09:03:08 GMT+0530 (India Standard Time) - GET - /companies/getCompanies
Wed Dec 21 2022 09:04:41 GMT+0530 (India Standard Time) - GET - /companies/getCompanies
Wed Dec 21 2022 09:07:33 GMT+0530 (India Standard Time) - GET - /companies/getCompanies
Wed Dec 21 2022 09:13:50 GMT+0530 (India Standard Time) - GET - /companies/getCompanies
Wed Dec 21 2022 09:15:53 GMT+0530 (India Standard Time) - GET - /companies/getCompanies
Wed Dec 21 2022 09:16:41 GMT+0530 (India Standard Time) - GET - /companies/getCompanies
Wed Dec 21 2022 09:16:53 GMT+0530 (India Standard Time) - GET - /companies/getCompanies
Wed Dec 21 2022 09:25:29 GMT+0530 (India Standard Time) - GET - /companies/getCompanies
Wed Dec 21 2022 09:27:21 GMT+0530 (India Standard Time) - GET - /companies/getCompanies
Wed Dec 21 2022 09:31:19 GMT+0530 (India Standard Time) - GET - /companies/getCompanies
Wed Dec 21 2022 09:34:02 GMT+0530 (India Standard Time) - GET - /companies/getCompanies
Wed Dec 21 2022 09:34:59 GMT+0530 (India Standard Time) - GET - /companies/getCompanies
Wed Dec 21 2022 09:36:33 GMT+0530 (India Standard Time) - GET - /companies/getCompanies
Wed Dec 21 2022 09:39:29 GMT+0530 (India Standard Time) - GET - /companies/getCompanies
Wed Dec 21 2022 09:41:36 GMT+0530 (India Standard Time) - GET - /companies/getCompanies
Wed Dec 21 2022 09:56:28 GMT+0530 (India Standard Time) - GET - /companies/getCompanies
Wed Dec 21 2022 10:30:05 GMT+0530 (India Standard Time) - GET - /companies/getCompanies
Wed Dec 21 2022 10:37:59 GMT+0530 (India Standard Time) - GET - /companies/getCompanies
Wed Dec 21 2022 10:38:52 GMT+0530 (India Standard Time) - GET - /companies/getCompanies
Wed Dec 21 2022 10:54:29 GMT+0530 (India Standard Time) - GET - /companies/getCompanies
Wed Dec 21 2022 10:54:50 GMT+0530 (India Standard Time) - GET - //companies/getCompanies
Wed Dec 21 2022 10:54:58 GMT+0530 (India Standard Time) - GET - /companies/getCompanies
Wed Dec 21 2022 10:55:05 GMT+0530 (India Standard Time) - GET - /companies/getCompanies/
Wed Dec 21 2022 10:55:12 GMT+0530 (India Standard Time) - GET - /getCompanies/
Wed Dec 21 2022 10:59:51 GMT+0530 (India Standard Time) - GET - /companies/getCompanies
Wed Dec 21 2022 11:51:26 GMT+0530 (India Standard Time) - GET - /companies/getCompanyById/c001
Wed Dec 21 2022 11:52:36 GMT+0530 (India Standard Time) - GET - /companies/getCompanyById/c001
Wed Dec 21 2022 11:57:01 GMT+0530 (India Standard Time) - GET - /companies/getCompanyById/c001
Wed Dec 21 2022 11:57:13 GMT+0530 (India Standard Time) - GET - /companies/getCompanyById/c002
Wed Dec 21 2022 12:12:01 GMT+0530 (India Standard Time) - GET - /companies/getCompanyById/c001
Wed Dec 21 2022 12:12:08 GMT+0530 (India Standard Time) - DELETE - /companies/getCompanyById/c001
Wed Dec 21 2022 12:12:34 GMT+0530 (India Standard Time) - DELETE - /companies/deleteCompany/c001
Wed Dec 21 2022 12:12:57 GMT+0530 (India Standard Time) - DELETE - /companies/deleteCompany/c001
Wed Dec 21 2022 12:15:05 GMT+0530 (India Standard Time) - DELETE - /companies/deleteCompany/c001
Wed Dec 21 2022 12:16:38 GMT+0530 (India Standard Time) - DELETE - /companies/deleteCompany/c001
Wed Dec 21 2022 12:17:58 GMT+0530 (India Standard Time) - DELETE - /companies/deleteCompany/c001
Wed Dec 21 2022 12:21:13 GMT+0530 (India Standard Time) - DELETE - /companies/deleteCompany/c001
Wed Dec 21 2022 12:21:17 GMT+0530 (India Standard Time) - DELETE - /companies/deleteCompany/c001
Wed Dec 21 2022 12:22:49 GMT+0530 (India Standard Time) - DELETE - /companies/deleteCompany/c001
Wed Dec 21 2022 12:22:51 GMT+0530 (India Standard Time) - DELETE - /companies/deleteCompany/c001
Wed Dec 21 2022 12:25:34 GMT+0530 (India Standard Time) - DELETE - /companies/deleteCompany/c0002
Wed Dec 21 2022 12:30:35 GMT+0530 (India Standard Time) - DELETE - /companies/deleteCompany/c0002
Wed Dec 21 2022 12:30:54 GMT+0530 (India Standard Time) - DELETE - /companies/deleteCompany/c001
Wed Dec 21 2022 12:33:01 GMT+0530 (India Standard Time) - DELETE - /companies/deleteCompany/c0002
Wed Dec 21 2022 12:33:12 GMT+0530 (India Standard Time) - DELETE - /companies/deleteCompany/c001
Wed Dec 21 2022 12:33:31 GMT+0530 (India Standard Time) - DELETE - /companies/getCompanies
Wed Dec 21 2022 12:33:41 GMT+0530 (India Standard Time) - GET - /companies/getCompanies
Wed Dec 21 2022 12:36:16 GMT+0530 (India Standard Time) - GET - /companies/getCompanies
Wed Dec 21 2022 12:37:12 GMT+0530 (India Standard Time) - GET - /companies/getCompanyById/c001
Wed Dec 21 2022 12:37:18 GMT+0530 (India Standard Time) - GET - /companies/getCompanyById/c002
Wed Dec 21 2022 12:37:46 GMT+0530 (India Standard Time) - DELETE - /companies/deleteCompany/c002
Wed Dec 21 2022 12:37:52 GMT+0530 (India Standard Time) - DELETE - /companies/deleteCompany/c001
Wed Dec 21 2022 12:40:48 GMT+0530 (India Standard Time) - DELETE - /companies/deleteCompany/c002
Wed Dec 21 2022 12:40:55 GMT+0530 (India Standard Time) - DELETE - /companies/deleteCompany/c001
Wed Dec 21 2022 12:44:49 GMT+0530 (India Standard Time) - DELETE - /companies/deleteCompany/c0002
Wed Dec 21 2022 12:45:18 GMT+0530 (India Standard Time) - DELETE - /companies/deleteCompany/c001
Wed Dec 21 2022 12:47:14 GMT+0530 (India Standard Time) - DELETE - /companies/deleteCompany/c002
Wed Dec 21 2022 12:47:35 GMT+0530 (India Standard Time) - DELETE - /companies/deleteCompany/c001
Wed Dec 21 2022 12:49:38 GMT+0530 (India Standard Time) - DELETE - /companies/deleteCompany/c002
Wed Dec 21 2022 12:51:22 GMT+0530 (India Standard Time) - DELETE - /companies/deleteCompany/c002
Wed Dec 21 2022 12:58:58 GMT+0530 (India Standard Time) - DELETE - /companies/deleteCompany/c002
Wed Dec 21 2022 12:59:40 GMT+0530 (India Standard Time) - DELETE - /companies/deleteCompany/c002
Wed Dec 21 2022 13:00:28 GMT+0530 (India Standard Time) - DELETE - /companies/deleteCompany/c002
Wed Dec 21 2022 13:01:52 GMT+0530 (India Standard Time) - DELETE - /companies/deleteCompany/c001
Wed Dec 21 2022 13:03:44 GMT+0530 (India Standard Time) - GET - /companies/getCompanyById/c001
Wed Dec 21 2022 13:04:01 GMT+0530 (India Standard Time) - GET - /companies/getCompanyById/c001
Wed Dec 21 2022 13:04:34 GMT+0530 (India Standard Time) - GET - /companies/getCompanyById/c001
Wed Dec 21 2022 13:04:48 GMT+0530 (India Standard Time) - GET - /companies/deleteCompany/c001
Wed Dec 21 2022 13:04:55 GMT+0530 (India Standard Time) - DELETE - /companies/deleteCompany/c001
Wed Dec 21 2022 13:05:29 GMT+0530 (India Standard Time) - DELETE - /companies/deleteCompany/c002
